2021-02-01 04:56:56: -- 分析开始 User Command
2021-02-01 04:56:56: /_posts/M1 基础数学/DLC/2021-1-29-二项式定理：二叉树与排列组合.md: L:TimeSize<>; R:TimeSize<>; 冲突：文件两侧都进行了改动
2021-02-01 04:56:56: 分析完毕并发现冲突情况。请选择正确的同步方向解决冲突，然后单击同步
2021-02-01 04:56:56: 变更：39， 冲突：1， 复制时间：0， 复制状态：0， 错误： 0, All: 196
2021-02-01 04:56:56: Left to Right: Copy File: 35 Delete File: 3 
2021-02-01 04:56:56: -- 分析已结束。历时 00:00:00, 速度： Many 文件/秒
2021-02-01 04:56:56: 
2021-02-01 04:57:30: == 同步开始由 User Command
2021-02-01 04:57:30: 删除文件 'E:/Metal-J.github.io/.jekyll-cache/Jekyll/Cache/Jekyll--Converters--Markdown/80/3016031f854293887163f8ac13c7ca22c8a53116b9ba2c7d05e455097b6a4e'
2021-02-01 04:57:30: 删除文件 'E:/Metal-J.github.io/.jekyll-cache/Jekyll/Cache/Jekyll--Converters--Markdown/80/d93896116aba10194dfb765e1d6766c1cd83761540f18350394c53295ce2fc'
2021-02-01 04:57:30: 删除文件夹 'E:/Metal-J.github.io/.jekyll-cache/Jekyll/Cache/Jekyll--Converters--Markdown/80'
2021-02-01 04:57:30: 创建文件夹 'E:/Metal-J.github.io/.jekyll-cache/Jekyll/Cache/Jekyll--Converters--Markdown/b5'
2021-02-01 04:57:30: 创建文件夹 'E:/Metal-J.github.io/.jekyll-cache/Jekyll/Cache/Jekyll--Converters--Markdown/f6'
2021-02-01 04:57:31: 覆盖复制 'C:/Users/Metal/Desktop/Metal-J.github.io/.jekyll-cache/Jekyll/Cache/Jekyll--Cache/b7/9606fb3afea5bd1609ed40b622142f1c98125abcfe89a76a661b0e8e343910' -> 'E:/Metal-J.github.io/.jekyll-cache/Jekyll/Cache/Jekyll--Cache/b7/9606fb3afea5bd1609ed40b622142f1c98125abcfe89a76a661b0e8e343910' (1,660)
2021-02-01 04:57:31: 覆盖复制 'C:/Users/Metal/Desktop/Metal-J.github.io/.jekyll-cache/Jekyll/Cache/Jekyll--Converters--Markdown/08/b80c5e31656d1f344ab44518dd3bef1950fb74ed03738aaebc6e6050a5ce3b' -> 'E:/Metal-J.github.io/.jekyll-cache/Jekyll/Cache/Jekyll--Converters--Markdown/08/b80c5e31656d1f344ab44518dd3bef1950fb74ed03738aaebc6e6050a5ce3b' (4,821)
2021-02-01 04:57:31: 覆盖复制 'C:/Users/Metal/Desktop/Metal-J.github.io/.jekyll-cache/Jekyll/Cache/Jekyll--Converters--Markdown/0f/58b4842087f748af449bf49ee816fd9ec8bdded3ac18344e9ca932cb077931' -> 'E:/Metal-J.github.io/.jekyll-cache/Jekyll/Cache/Jekyll--Converters--Markdown/0f/58b4842087f748af449bf49ee816fd9ec8bdded3ac18344e9ca932cb077931' (26,442)
2021-02-01 04:57:31: 覆盖复制 'C:/Users/Metal/Desktop/Metal-J.github.io/.jekyll-cache/Jekyll/Cache/Jekyll--Converters--Markdown/12/7d7a0d87b8710ba175dd41a4deedd1f79e3715a64b7994e77a0f804e8f356d' -> 'E:/Metal-J.github.io/.jekyll-cache/Jekyll/Cache/Jekyll--Converters--Markdown/12/7d7a0d87b8710ba175dd41a4deedd1f79e3715a64b7994e77a0f804e8f356d' (5,628)
2021-02-01 04:57:31: 覆盖复制 'C:/Users/Metal/Desktop/Metal-J.github.io/.jekyll-cache/Jekyll/Cache/Jekyll--Converters--Markdown/13/8541377775ab89dadb3dd9471c5ddbadf765784c84b032a8430440f3955380' -> 'E:/Metal-J.github.io/.jekyll-cache/Jekyll/Cache/Jekyll--Converters--Markdown/13/8541377775ab89dadb3dd9471c5ddbadf765784c84b032a8430440f3955380' (7,356)
2021-02-01 04:57:31: 覆盖复制 'C:/Users/Metal/Desktop/Metal-J.github.io/.jekyll-cache/Jekyll/Cache/Jekyll--Converters--Markdown/19/f702fd654d5ce3d8bc857675d3a8ae600d97a0bdfd85fe3e7d2e4fb0324ce7' -> 'E:/Metal-J.github.io/.jekyll-cache/Jekyll/Cache/Jekyll--Converters--Markdown/19/f702fd654d5ce3d8bc857675d3a8ae600d97a0bdfd85fe3e7d2e4fb0324ce7' (6,790)
2021-02-01 04:57:32: 覆盖复制 'C:/Users/Metal/Desktop/Metal-J.github.io/.jekyll-cache/Jekyll/Cache/Jekyll--Converters--Markdown/2a/bb527ead926771a1639e58a4157a3b61b491ccc473fedc3b246916f998bbff' -> 'E:/Metal-J.github.io/.jekyll-cache/Jekyll/Cache/Jekyll--Converters--Markdown/2a/bb527ead926771a1639e58a4157a3b61b491ccc473fedc3b246916f998bbff' (19,955)
2021-02-01 04:57:32: 覆盖复制 'C:/Users/Metal/Desktop/Metal-J.github.io/.jekyll-cache/Jekyll/Cache/Jekyll--Converters--Markdown/57/6136bf6b696c17ae7f5ab78fcabf0475bdd94a2da29fbd7cd74ce9563705e4' -> 'E:/Metal-J.github.io/.jekyll-cache/Jekyll/Cache/Jekyll--Converters--Markdown/57/6136bf6b696c17ae7f5ab78fcabf0475bdd94a2da29fbd7cd74ce9563705e4' (82,791)
2021-02-01 04:57:32: 覆盖复制 'C:/Users/Metal/Desktop/Metal-J.github.io/.jekyll-cache/Jekyll/Cache/Jekyll--Converters--Markdown/77/af85f2ec330d7f52d76eaeef8fc8ffdb78f83c965d8bd08f39927cc888d71d' -> 'E:/Metal-J.github.io/.jekyll-cache/Jekyll/Cache/Jekyll--Converters--Markdown/77/af85f2ec330d7f52d76eaeef8fc8ffdb78f83c965d8bd08f39927cc888d71d' (7,741)
2021-02-01 04:57:32: 覆盖复制 'C:/Users/Metal/Desktop/Metal-J.github.io/.jekyll-cache/Jekyll/Cache/Jekyll--Converters--Markdown/82/ed5c004fc674866eef3253b8c4f5bfabce49001a71dd84cc103c6d0cfe5467' -> 'E:/Metal-J.github.io/.jekyll-cache/Jekyll/Cache/Jekyll--Converters--Markdown/82/ed5c004fc674866eef3253b8c4f5bfabce49001a71dd84cc103c6d0cfe5467' (13,932)
2021-02-01 04:57:32: 覆盖复制 'C:/Users/Metal/Desktop/Metal-J.github.io/.jekyll-cache/Jekyll/Cache/Jekyll--Converters--Markdown/a3/46f605d7a6ae03f699061b89b812ba24792aac9425faf551e08514e75c8918' -> 'E:/Metal-J.github.io/.jekyll-cache/Jekyll/Cache/Jekyll--Converters--Markdown/a3/46f605d7a6ae03f699061b89b812ba24792aac9425faf551e08514e75c8918' (7,581)
2021-02-01 04:57:32: 覆盖复制 'C:/Users/Metal/Desktop/Metal-J.github.io/.jekyll-cache/Jekyll/Cache/Jekyll--Converters--Markdown/b2/d344df26b4b64a566500fcd0d911ca470a54e00f26599d26d0427471ba3f48' -> 'E:/Metal-J.github.io/.jekyll-cache/Jekyll/Cache/Jekyll--Converters--Markdown/b2/d344df26b4b64a566500fcd0d911ca470a54e00f26599d26d0427471ba3f48' (12,228)
2021-02-01 04:57:32: 新建复制 'C:/Users/Metal/Desktop/Metal-J.github.io/.jekyll-cache/Jekyll/Cache/Jekyll--Converters--Markdown/b5/6086be911da192320f7b4926bb36480dcdee7a528f2009be706a60d882ecc8' -> 'E:/Metal-J.github.io/.jekyll-cache/Jekyll/Cache/Jekyll--Converters--Markdown/b5/6086be911da192320f7b4926bb36480dcdee7a528f2009be706a60d882ecc8' (734)
2021-02-01 04:57:32: 覆盖复制 'C:/Users/Metal/Desktop/Metal-J.github.io/.jekyll-cache/Jekyll/Cache/Jekyll--Converters--Markdown/da/bd1c3cd11e2594f59fef387007ece8fcfb86a3f3472bf3fa1addd96e209adf' -> 'E:/Metal-J.github.io/.jekyll-cache/Jekyll/Cache/Jekyll--Converters--Markdown/da/bd1c3cd11e2594f59fef387007ece8fcfb86a3f3472bf3fa1addd96e209adf' (3,667)
2021-02-01 04:57:32: 新建复制 'C:/Users/Metal/Desktop/Metal-J.github.io/.jekyll-cache/Jekyll/Cache/Jekyll--Converters--Markdown/f6/85fd973c34b933f0a96e23146ce555ce0ddd7e88a07446b5013a9cf9be22ab' -> 'E:/Metal-J.github.io/.jekyll-cache/Jekyll/Cache/Jekyll--Converters--Markdown/f6/85fd973c34b933f0a96e23146ce555ce0ddd7e88a07446b5013a9cf9be22ab' (3,136)
2021-02-01 04:57:32: 覆盖复制 'C:/Users/Metal/Desktop/Metal-J.github.io/_posts/M1 基础数学/DLC/2021-1-29-二项式定理：二叉树与排列组合.md' -> 'E:/Metal-J.github.io/_posts/M1 基础数学/DLC/2021-1-29-二项式定理：二叉树与排列组合.md' (897) (User Action)
2021-02-01 04:57:32: 覆盖复制 'C:/Users/Metal/Desktop/Metal-J.github.io/_posts/M1 基础数学/简明微积分 [中科大] 龚昇/2021-1-9-简明微积分 [二] 微积分的概念.md' -> 'E:/Metal-J.github.io/_posts/M1 基础数学/简明微积分 [中科大] 龚昇/2021-1-9-简明微积分 [二] 微积分的概念.md' (2,981)
2021-02-01 04:57:32: 覆盖复制 'C:/Users/Metal/Desktop/Metal-J.github.io/_site/404.html' -> 'E:/Metal-J.github.io/_site/404.html' (3,256)
2021-02-01 04:57:32: 覆盖复制 'C:/Users/Metal/Desktop/Metal-J.github.io/_site/assets/css/main.css' -> 'E:/Metal-J.github.io/_site/assets/css/main.css' (5,076)
2021-02-01 04:57:32: 覆盖复制 'C:/Users/Metal/Desktop/Metal-J.github.io/_site/assets/css/main.css.map' -> 'E:/Metal-J.github.io/_site/assets/css/main.css.map' (11,626)
2021-02-01 04:57:32: 覆盖复制 'C:/Users/Metal/Desktop/Metal-J.github.io/_site/cysh/2020/11/25/春夜十话-一-情绪.html' -> 'E:/Metal-J.github.io/_site/cysh/2020/11/25/春夜十话-一-情绪.html' (8,886)
2021-02-01 04:57:32: 覆盖复制 'C:/Users/Metal/Desktop/Metal-J.github.io/_site/cysh/2021/01/03/春夜十话-二-数学回忆.html' -> 'E:/Metal-J.github.io/_site/cysh/2021/01/03/春夜十话-二-数学回忆.html' (10,619)
2021-02-01 04:57:32: 覆盖复制 'C:/Users/Metal/Desktop/Metal-J.github.io/_site/cysh/2021/01/09/春夜十话-三-心境.html' -> 'E:/Metal-J.github.io/_site/cysh/2021/01/09/春夜十话-三-心境.html' (15,485)
2021-02-01 04:57:34: 覆盖复制 'C:/Users/Metal/Desktop/Metal-J.github.io/_site/dhchen/2021/01/11/数学方法论.html' -> 'E:/Metal-J.github.io/_site/dhchen/2021/01/11/数学方法论.html' (86,053)
2021-02-01 04:57:35: 覆盖复制 'C:/Users/Metal/Desktop/Metal-J.github.io/_site/dlc-exs/2021/01/29/二项式定理-二叉树与排列组合.html' -> 'E:/Metal-J.github.io/_site/dlc-exs/2021/01/29/二项式定理-二叉树与排列组合.html' (4,009)
2021-02-01 04:57:37: 覆盖复制 'C:/Users/Metal/Desktop/Metal-J.github.io/_site/dzj/2020/11/26/惰者集-一-数学笔记.html' -> 'E:/Metal-J.github.io/_site/dzj/2020/11/26/惰者集-一-数学笔记.html' (29,703)
2021-02-01 04:57:37: 覆盖复制 'C:/Users/Metal/Desktop/Metal-J.github.io/_site/dzj/2020/12/09/惰者集-二-教育与学习.html' -> 'E:/Metal-J.github.io/_site/dzj/2020/12/09/惰者集-二-教育与学习.html' (23,218)
2021-02-01 04:57:37: 覆盖复制 'C:/Users/Metal/Desktop/Metal-J.github.io/_site/dzj/2020/12/13/惰者集-三-忆往昔.html' -> 'E:/Metal-J.github.io/_site/dzj/2020/12/13/惰者集-三-忆往昔.html' (17,190)
2021-02-01 04:57:37: 覆盖复制 'C:/Users/Metal/Desktop/Metal-J.github.io/_site/index.html' -> 'E:/Metal-J.github.io/_site/index.html' (7,618)
2021-02-01 04:57:37: 覆盖复制 'C:/Users/Metal/Desktop/Metal-J.github.io/_site/jmwjf/2021/01/08/简明微积分-一-序.html' -> 'E:/Metal-J.github.io/_site/jmwjf/2021/01/08/简明微积分-一-序.html' (6,924)
2021-02-01 04:57:37: 覆盖复制 'C:/Users/Metal/Desktop/Metal-J.github.io/_site/jmwjf/2021/01/08/简明微积分-二-微积分的概念.html' -> 'E:/Metal-J.github.io/_site/jmwjf/2021/01/08/简明微积分-二-微积分的概念.html' (6,408)
2021-02-01 04:57:38: 覆盖复制 'C:/Users/Metal/Desktop/Metal-J.github.io/_site/sxtsdb/2020/11/26/极短介绍-一-序.html' -> 'E:/Metal-J.github.io/_site/sxtsdb/2020/11/26/极短介绍-一-序.html' (10,836)
2021-02-01 04:57:38: 覆盖复制 'C:/Users/Metal/Desktop/Metal-J.github.io/_site/sxtsdb/2021/01/10/极短介绍-二-形式化.html' -> 'E:/Metal-J.github.io/_site/sxtsdb/2021/01/10/极短介绍-二-形式化.html' (11,002)
2021-02-01 04:57:38: 覆盖复制 'C:/Users/Metal/Desktop/Metal-J.github.io/_site/sxtsdb/2021/01/11/极短介绍-三-证明.html' -> 'E:/Metal-J.github.io/_site/sxtsdb/2021/01/11/极短介绍-三-证明.html' (10,048)
2021-02-01 04:57:38: == 同步完成. 历时: 00:00:08, 速度: 62.1 KB/s, 完成: 39, 错误: 0
2021-02-01 04:57:38: 
